CRITICAL - 2022-01-27 06:15:05 --> Trying to access array offset on value of type null
#0 C:\xampp\htdocs\projeto-modulo-2\app\Views\alunos\editar.php(38): CodeIgniter\Debug\Exceptions->errorHandler(2, 'Trying to acces...', 'C:\\xampp\\htdocs...', 38)
#1 C:\xampp\htdocs\projeto-modulo-2\system\View\View.php(210): include('C:\\xampp\\htdocs...')
#2 C:\xampp\htdocs\projeto-modulo-2\system\View\View.php(213): CodeIgniter\View\View->CodeIgniter\View\{closure}()
#3 C:\xampp\htdocs\projeto-modulo-2\system\Common.php(1089): CodeIgniter\View\View->render('alunos/editar', Array, true)
#4 C:\xampp\htdocs\projeto-modulo-2\app\Controllers\Alunos.php(45): view('alunos/editar', Array)
#5 C:\xampp\htdocs\projeto-modulo-2\system\CodeIgniter.php(825): App\Controllers\Alunos->editar('sweetalert2.min...')
#6 C:\xampp\htdocs\projeto-modulo-2\system\CodeIgniter.php(412): CodeIgniter\CodeIgniter->runController(Object(App\Controllers\Alunos))
#7 C:\xampp\htdocs\projeto-modulo-2\system\CodeIgniter.php(320): CodeIgniter\CodeIgniter->handleRequest(NULL, Object(Config\Cache), false)
#8 C:\xampp\htdocs\projeto-modulo-2\public\index.php(37): CodeIgniter\CodeIgniter->run()
#9 {main}
CRITICAL - 2022-01-27 06:15:24 --> Trying to access array offset on value of type null
#0 C:\xampp\htdocs\projeto-modulo-2\app\Views\alunos\visualizar.php(51): CodeIgniter\Debug\Exceptions->errorHandler(2, 'Trying to acces...', 'C:\\xampp\\htdocs...', 51)
#1 C:\xampp\htdocs\projeto-modulo-2\system\View\View.php(210): include('C:\\xampp\\htdocs...')
#2 C:\xampp\htdocs\projeto-modulo-2\system\View\View.php(213): CodeIgniter\View\View->CodeIgniter\View\{closure}()
#3 C:\xampp\htdocs\projeto-modulo-2\system\Common.php(1089): CodeIgniter\View\View->render('alunos/visualiz...', Array, true)
#4 C:\xampp\htdocs\projeto-modulo-2\app\Controllers\Alunos.php(125): view('alunos/visualiz...', Array)
#5 C:\xampp\htdocs\projeto-modulo-2\system\CodeIgniter.php(825): App\Controllers\Alunos->ver('sweetalert2.min...')
#6 C:\xampp\htdocs\projeto-modulo-2\system\CodeIgniter.php(412): CodeIgniter\CodeIgniter->runController(Object(App\Controllers\Alunos))
#7 C:\xampp\htdocs\projeto-modulo-2\system\CodeIgniter.php(320): CodeIgniter\CodeIgniter->handleRequest(NULL, Object(Config\Cache), false)
#8 C:\xampp\htdocs\projeto-modulo-2\public\index.php(37): CodeIgniter\CodeIgniter->run()
#9 {main}
CRITICAL - 2022-01-27 06:15:52 --> Trying to access array offset on value of type null
#0 C:\xampp\htdocs\projeto-modulo-2\app\Views\alunos\visualizar.php(51): CodeIgniter\Debug\Exceptions->errorHandler(2, 'Trying to acces...', 'C:\\xampp\\htdocs...', 51)
#1 C:\xampp\htdocs\projeto-modulo-2\system\View\View.php(210): include('C:\\xampp\\htdocs...')
#2 C:\xampp\htdocs\projeto-modulo-2\system\View\View.php(213): CodeIgniter\View\View->CodeIgniter\View\{closure}()
#3 C:\xampp\htdocs\projeto-modulo-2\system\Common.php(1089): CodeIgniter\View\View->render('alunos/visualiz...', Array, true)
#4 C:\xampp\htdocs\projeto-modulo-2\app\Controllers\Alunos.php(125): view('alunos/visualiz...', Array)
#5 C:\xampp\htdocs\projeto-modulo-2\system\CodeIgniter.php(825): App\Controllers\Alunos->ver('sweetalert2.min...')
#6 C:\xampp\htdocs\projeto-modulo-2\system\CodeIgniter.php(412): CodeIgniter\CodeIgniter->runController(Object(App\Controllers\Alunos))
#7 C:\xampp\htdocs\projeto-modulo-2\system\CodeIgniter.php(320): CodeIgniter\CodeIgniter->handleRequest(NULL, Object(Config\Cache), false)
#8 C:\xampp\htdocs\projeto-modulo-2\public\index.php(37): CodeIgniter\CodeIgniter->run()
#9 {main}
CRITICAL - 2022-01-27 06:16:01 --> Trying to access array offset on value of type null
#0 C:\xampp\htdocs\projeto-modulo-2\app\Views\alunos\visualizar.php(51): CodeIgniter\Debug\Exceptions->errorHandler(2, 'Trying to acces...', 'C:\\xampp\\htdocs...', 51)
#1 C:\xampp\htdocs\projeto-modulo-2\system\View\View.php(210): include('C:\\xampp\\htdocs...')
#2 C:\xampp\htdocs\projeto-modulo-2\system\View\View.php(213): CodeIgniter\View\View->CodeIgniter\View\{closure}()
#3 C:\xampp\htdocs\projeto-modulo-2\system\Common.php(1089): CodeIgniter\View\View->render('alunos/visualiz...', Array, true)
#4 C:\xampp\htdocs\projeto-modulo-2\app\Controllers\Alunos.php(125): view('alunos/visualiz...', Array)
#5 C:\xampp\htdocs\projeto-modulo-2\system\CodeIgniter.php(825): App\Controllers\Alunos->ver('sweetalert2.min...')
#6 C:\xampp\htdocs\projeto-modulo-2\system\CodeIgniter.php(412): CodeIgniter\CodeIgniter->runController(Object(App\Controllers\Alunos))
#7 C:\xampp\htdocs\projeto-modulo-2\system\CodeIgniter.php(320): CodeIgniter\CodeIgniter->handleRequest(NULL, Object(Config\Cache), false)
#8 C:\xampp\htdocs\projeto-modulo-2\public\index.php(37): CodeIgniter\CodeIgniter->run()
#9 {main}
CRITICAL - 2022-01-27 06:31:22 --> Trying to access array offset on value of type null
#0 C:\xampp\htdocs\projeto-modulo-2\app\Views\alunos\visualizar.php(51): CodeIgniter\Debug\Exceptions->errorHandler(2, 'Trying to acces...', 'C:\\xampp\\htdocs...', 51)
#1 C:\xampp\htdocs\projeto-modulo-2\system\View\View.php(210): include('C:\\xampp\\htdocs...')
#2 C:\xampp\htdocs\projeto-modulo-2\system\View\View.php(213): CodeIgniter\View\View->CodeIgniter\View\{closure}()
#3 C:\xampp\htdocs\projeto-modulo-2\system\Common.php(1089): CodeIgniter\View\View->render('alunos/visualiz...', Array, true)
#4 C:\xampp\htdocs\projeto-modulo-2\app\Controllers\Alunos.php(125): view('alunos/visualiz...', Array)
#5 C:\xampp\htdocs\projeto-modulo-2\system\CodeIgniter.php(825): App\Controllers\Alunos->ver('sweetalert2.min...')
#6 C:\xampp\htdocs\projeto-modulo-2\system\CodeIgniter.php(412): CodeIgniter\CodeIgniter->runController(Object(App\Controllers\Alunos))
#7 C:\xampp\htdocs\projeto-modulo-2\system\CodeIgniter.php(320): CodeIgniter\CodeIgniter->handleRequest(NULL, Object(Config\Cache), false)
#8 C:\xampp\htdocs\projeto-modulo-2\public\index.php(37): CodeIgniter\CodeIgniter->run()
#9 {main}
CRITICAL - 2022-01-27 06:31:43 --> Trying to access array offset on value of type null
#0 C:\xampp\htdocs\projeto-modulo-2\app\Views\alunos\visualizar.php(51): CodeIgniter\Debug\Exceptions->errorHandler(2, 'Trying to acces...', 'C:\\xampp\\htdocs...', 51)
#1 C:\xampp\htdocs\projeto-modulo-2\system\View\View.php(210): include('C:\\xampp\\htdocs...')
#2 C:\xampp\htdocs\projeto-modulo-2\system\View\View.php(213): CodeIgniter\View\View->CodeIgniter\View\{closure}()
#3 C:\xampp\htdocs\projeto-modulo-2\system\Common.php(1089): CodeIgniter\View\View->render('alunos/visualiz...', Array, true)
#4 C:\xampp\htdocs\projeto-modulo-2\app\Controllers\Alunos.php(125): view('alunos/visualiz...', Array)
#5 C:\xampp\htdocs\projeto-modulo-2\system\CodeIgniter.php(825): App\Controllers\Alunos->ver('sweetalert2.min...')
#6 C:\xampp\htdocs\projeto-modulo-2\system\CodeIgniter.php(412): CodeIgniter\CodeIgniter->runController(Object(App\Controllers\Alunos))
#7 C:\xampp\htdocs\projeto-modulo-2\system\CodeIgniter.php(320): CodeIgniter\CodeIgniter->handleRequest(NULL, Object(Config\Cache), false)
#8 C:\xampp\htdocs\projeto-modulo-2\public\index.php(37): CodeIgniter\CodeIgniter->run()
#9 {main}
CRITICAL - 2022-01-27 06:38:44 --> Trying to access array offset on value of type null
#0 C:\xampp\htdocs\projeto-modulo-2\app\Views\alunos\visualizar.php(51): CodeIgniter\Debug\Exceptions->errorHandler(2, 'Trying to acces...', 'C:\\xampp\\htdocs...', 51)
#1 C:\xampp\htdocs\projeto-modulo-2\system\View\View.php(210): include('C:\\xampp\\htdocs...')
#2 C:\xampp\htdocs\projeto-modulo-2\system\View\View.php(213): CodeIgniter\View\View->CodeIgniter\View\{closure}()
#3 C:\xampp\htdocs\projeto-modulo-2\system\Common.php(1089): CodeIgniter\View\View->render('alunos/visualiz...', Array, true)
#4 C:\xampp\htdocs\projeto-modulo-2\app\Controllers\Alunos.php(125): view('alunos/visualiz...', Array)
#5 C:\xampp\htdocs\projeto-modulo-2\system\CodeIgniter.php(825): App\Controllers\Alunos->ver('sweetalert2.min...')
#6 C:\xampp\htdocs\projeto-modulo-2\system\CodeIgniter.php(412): CodeIgniter\CodeIgniter->runController(Object(App\Controllers\Alunos))
#7 C:\xampp\htdocs\projeto-modulo-2\system\CodeIgniter.php(320): CodeIgniter\CodeIgniter->handleRequest(NULL, Object(Config\Cache), false)
#8 C:\xampp\htdocs\projeto-modulo-2\public\index.php(37): CodeIgniter\CodeIgniter->run()
#9 {main}
CRITICAL - 2022-01-27 06:42:12 --> Trying to access array offset on value of type null
#0 C:\xampp\htdocs\projeto-modulo-2\app\Views\alunos\visualizar.php(51): CodeIgniter\Debug\Exceptions->errorHandler(2, 'Trying to acces...', 'C:\\xampp\\htdocs...', 51)
#1 C:\xampp\htdocs\projeto-modulo-2\system\View\View.php(210): include('C:\\xampp\\htdocs...')
#2 C:\xampp\htdocs\projeto-modulo-2\system\View\View.php(213): CodeIgniter\View\View->CodeIgniter\View\{closure}()
#3 C:\xampp\htdocs\projeto-modulo-2\system\Common.php(1089): CodeIgniter\View\View->render('alunos/visualiz...', Array, true)
#4 C:\xampp\htdocs\projeto-modulo-2\app\Controllers\Alunos.php(125): view('alunos/visualiz...', Array)
#5 C:\xampp\htdocs\projeto-modulo-2\system\CodeIgniter.php(825): App\Controllers\Alunos->ver('sweetalert2.min...')
#6 C:\xampp\htdocs\projeto-modulo-2\system\CodeIgniter.php(412): CodeIgniter\CodeIgniter->runController(Object(App\Controllers\Alunos))
#7 C:\xampp\htdocs\projeto-modulo-2\system\CodeIgniter.php(320): CodeIgniter\CodeIgniter->handleRequest(NULL, Object(Config\Cache), false)
#8 C:\xampp\htdocs\projeto-modulo-2\public\index.php(37): CodeIgniter\CodeIgniter->run()
#9 {main}
CRITICAL - 2022-01-27 06:44:10 --> Trying to access array offset on value of type null
#0 C:\xampp\htdocs\projeto-modulo-2\app\Views\alunos\visualizar.php(51): CodeIgniter\Debug\Exceptions->errorHandler(2, 'Trying to acces...', 'C:\\xampp\\htdocs...', 51)
#1 C:\xampp\htdocs\projeto-modulo-2\system\View\View.php(210): include('C:\\xampp\\htdocs...')
#2 C:\xampp\htdocs\projeto-modulo-2\system\View\View.php(213): CodeIgniter\View\View->CodeIgniter\View\{closure}()
#3 C:\xampp\htdocs\projeto-modulo-2\system\Common.php(1089): CodeIgniter\View\View->render('alunos/visualiz...', Array, true)
#4 C:\xampp\htdocs\projeto-modulo-2\app\Controllers\Alunos.php(125): view('alunos/visualiz...', Array)
#5 C:\xampp\htdocs\projeto-modulo-2\system\CodeIgniter.php(825): App\Controllers\Alunos->ver('sweetalert2.min...')
#6 C:\xampp\htdocs\projeto-modulo-2\system\CodeIgniter.php(412): CodeIgniter\CodeIgniter->runController(Object(App\Controllers\Alunos))
#7 C:\xampp\htdocs\projeto-modulo-2\system\CodeIgniter.php(320): CodeIgniter\CodeIgniter->handleRequest(NULL, Object(Config\Cache), false)
#8 C:\xampp\htdocs\projeto-modulo-2\public\index.php(37): CodeIgniter\CodeIgniter->run()
#9 {main}
CRITICAL - 2022-01-27 06:44:22 --> Trying to access array offset on value of type null
#0 C:\xampp\htdocs\projeto-modulo-2\app\Views\alunos\editar.php(38): CodeIgniter\Debug\Exceptions->errorHandler(2, 'Trying to acces...', 'C:\\xampp\\htdocs...', 38)
#1 C:\xampp\htdocs\projeto-modulo-2\system\View\View.php(210): include('C:\\xampp\\htdocs...')
#2 C:\xampp\htdocs\projeto-modulo-2\system\View\View.php(213): CodeIgniter\View\View->CodeIgniter\View\{closure}()
#3 C:\xampp\htdocs\projeto-modulo-2\system\Common.php(1089): CodeIgniter\View\View->render('alunos/editar', Array, true)
#4 C:\xampp\htdocs\projeto-modulo-2\app\Controllers\Alunos.php(45): view('alunos/editar', Array)
#5 C:\xampp\htdocs\projeto-modulo-2\system\CodeIgniter.php(825): App\Controllers\Alunos->editar('sweetalert2.min...')
#6 C:\xampp\htdocs\projeto-modulo-2\system\CodeIgniter.php(412): CodeIgniter\CodeIgniter->runController(Object(App\Controllers\Alunos))
#7 C:\xampp\htdocs\projeto-modulo-2\system\CodeIgniter.php(320): CodeIgniter\CodeIgniter->handleRequest(NULL, Object(Config\Cache), false)
#8 C:\xampp\htdocs\projeto-modulo-2\public\index.php(37): CodeIgniter\CodeIgniter->run()
#9 {main}
CRITICAL - 2022-01-27 06:44:56 --> Trying to access array offset on value of type null
#0 C:\xampp\htdocs\projeto-modulo-2\app\Views\alunos\visualizar.php(51): CodeIgniter\Debug\Exceptions->errorHandler(2, 'Trying to acces...', 'C:\\xampp\\htdocs...', 51)
#1 C:\xampp\htdocs\projeto-modulo-2\system\View\View.php(210): include('C:\\xampp\\htdocs...')
#2 C:\xampp\htdocs\projeto-modulo-2\system\View\View.php(213): CodeIgniter\View\View->CodeIgniter\View\{closure}()
#3 C:\xampp\htdocs\projeto-modulo-2\system\Common.php(1089): CodeIgniter\View\View->render('alunos/visualiz...', Array, true)
#4 C:\xampp\htdocs\projeto-modulo-2\app\Controllers\Alunos.php(125): view('alunos/visualiz...', Array)
#5 C:\xampp\htdocs\projeto-modulo-2\system\CodeIgniter.php(825): App\Controllers\Alunos->ver('sweetalert2.min...')
#6 C:\xampp\htdocs\projeto-modulo-2\system\CodeIgniter.php(412): CodeIgniter\CodeIgniter->runController(Object(App\Controllers\Alunos))
#7 C:\xampp\htdocs\projeto-modulo-2\system\CodeIgniter.php(320): CodeIgniter\CodeIgniter->handleRequest(NULL, Object(Config\Cache), false)
#8 C:\xampp\htdocs\projeto-modulo-2\public\index.php(37): CodeIgniter\CodeIgniter->run()
#9 {main}
CRITICAL - 2022-01-27 06:45:02 --> Trying to access array offset on value of type null
#0 C:\xampp\htdocs\projeto-modulo-2\app\Views\alunos\editar.php(38): CodeIgniter\Debug\Exceptions->errorHandler(2, 'Trying to acces...', 'C:\\xampp\\htdocs...', 38)
#1 C:\xampp\htdocs\projeto-modulo-2\system\View\View.php(210): include('C:\\xampp\\htdocs...')
#2 C:\xampp\htdocs\projeto-modulo-2\system\View\View.php(213): CodeIgniter\View\View->CodeIgniter\View\{closure}()
#3 C:\xampp\htdocs\projeto-modulo-2\system\Common.php(1089): CodeIgniter\View\View->render('alunos/editar', Array, true)
#4 C:\xampp\htdocs\projeto-modulo-2\app\Controllers\Alunos.php(45): view('alunos/editar', Array)
#5 C:\xampp\htdocs\projeto-modulo-2\system\CodeIgniter.php(825): App\Controllers\Alunos->editar('sweetalert2.min...')
#6 C:\xampp\htdocs\projeto-modulo-2\system\CodeIgniter.php(412): CodeIgniter\CodeIgniter->runController(Object(App\Controllers\Alunos))
#7 C:\xampp\htdocs\projeto-modulo-2\system\CodeIgniter.php(320): CodeIgniter\CodeIgniter->handleRequest(NULL, Object(Config\Cache), false)
#8 C:\xampp\htdocs\projeto-modulo-2\public\index.php(37): CodeIgniter\CodeIgniter->run()
#9 {main}
CRITICAL - 2022-01-27 06:48:38 --> Trying to access array offset on value of type null
#0 C:\xampp\htdocs\projeto-modulo-2\app\Views\alunos\editar.php(38): CodeIgniter\Debug\Exceptions->errorHandler(2, 'Trying to acces...', 'C:\\xampp\\htdocs...', 38)
#1 C:\xampp\htdocs\projeto-modulo-2\system\View\View.php(210): include('C:\\xampp\\htdocs...')
#2 C:\xampp\htdocs\projeto-modulo-2\system\View\View.php(213): CodeIgniter\View\View->CodeIgniter\View\{closure}()
#3 C:\xampp\htdocs\projeto-modulo-2\system\Common.php(1089): CodeIgniter\View\View->render('alunos/editar', Array, true)
#4 C:\xampp\htdocs\projeto-modulo-2\app\Controllers\Alunos.php(45): view('alunos/editar', Array)
#5 C:\xampp\htdocs\projeto-modulo-2\system\CodeIgniter.php(825): App\Controllers\Alunos->editar('sweetalert2.min...')
#6 C:\xampp\htdocs\projeto-modulo-2\system\CodeIgniter.php(412): CodeIgniter\CodeIgniter->runController(Object(App\Controllers\Alunos))
#7 C:\xampp\htdocs\projeto-modulo-2\system\CodeIgniter.php(320): CodeIgniter\CodeIgniter->handleRequest(NULL, Object(Config\Cache), false)
#8 C:\xampp\htdocs\projeto-modulo-2\public\index.php(37): CodeIgniter\CodeIgniter->run()
#9 {main}
CRITICAL - 2022-01-27 06:49:02 --> Trying to access array offset on value of type null
#0 C:\xampp\htdocs\projeto-modulo-2\app\Views\alunos\visualizar.php(51): CodeIgniter\Debug\Exceptions->errorHandler(2, 'Trying to acces...', 'C:\\xampp\\htdocs...', 51)
#1 C:\xampp\htdocs\projeto-modulo-2\system\View\View.php(210): include('C:\\xampp\\htdocs...')
#2 C:\xampp\htdocs\projeto-modulo-2\system\View\View.php(213): CodeIgniter\View\View->CodeIgniter\View\{closure}()
#3 C:\xampp\htdocs\projeto-modulo-2\system\Common.php(1089): CodeIgniter\View\View->render('alunos/visualiz...', Array, true)
#4 C:\xampp\htdocs\projeto-modulo-2\app\Controllers\Alunos.php(125): view('alunos/visualiz...', Array)
#5 C:\xampp\htdocs\projeto-modulo-2\system\CodeIgniter.php(825): App\Controllers\Alunos->ver('sweetalert2.min...')
#6 C:\xampp\htdocs\projeto-modulo-2\system\CodeIgniter.php(412): CodeIgniter\CodeIgniter->runController(Object(App\Controllers\Alunos))
#7 C:\xampp\htdocs\projeto-modulo-2\system\CodeIgniter.php(320): CodeIgniter\CodeIgniter->handleRequest(NULL, Object(Config\Cache), false)
#8 C:\xampp\htdocs\projeto-modulo-2\public\index.php(37): CodeIgniter\CodeIgniter->run()
#9 {main}
ERROR - 2022-01-27 17:04:01 --> Error connecting to the database: Unknown database 'projeto-delta'
CRITICAL - 2022-01-27 17:04:01 --> Unable to connect to the database.
Main connection [MySQLi]: Unknown database 'projeto-delta'
#0 C:\xampp\htdocs\projeto-modulo-2\system\Database\BaseConnection.php(577): CodeIgniter\Database\BaseConnection->initialize()
#1 C:\xampp\htdocs\projeto-modulo-2\system\Database\BaseBuilder.php(1455): CodeIgniter\Database\BaseConnection->query('SELECT *\nFROM `...', Array, false)
#2 C:\xampp\htdocs\projeto-modulo-2\system\Model.php(210): CodeIgniter\Database\BaseBuilder->get()
#3 C:\xampp\htdocs\projeto-modulo-2\system\BaseModel.php(622): CodeIgniter\Model->doFirst()
#4 C:\xampp\htdocs\projeto-modulo-2\app\Controllers\Alunos.php(120): CodeIgniter\BaseModel->first()
#5 C:\xampp\htdocs\projeto-modulo-2\system\CodeIgniter.php(825): App\Controllers\Alunos->ver('79')
#6 C:\xampp\htdocs\projeto-modulo-2\system\CodeIgniter.php(412): CodeIgniter\CodeIgniter->runController(Object(App\Controllers\Alunos))
#7 C:\xampp\htdocs\projeto-modulo-2\system\CodeIgniter.php(320): CodeIgniter\CodeIgniter->handleRequest(NULL, Object(Config\Cache), false)
#8 C:\xampp\htdocs\projeto-modulo-2\public\index.php(37): CodeIgniter\CodeIgniter->run()
#9 {main}
ERROR - 2022-01-27 17:09:09 --> Error connecting to the database: php_network_getaddresses: getaddrinfo failed: Este host não é conhecido. 
CRITICAL - 2022-01-27 17:09:09 --> Unable to connect to the database.
Main connection [MySQLi]: php_network_getaddresses: getaddrinfo failed: Este host não é conhecido. 
#0 C:\xampp\htdocs\projeto-modulo-2\system\Database\BaseConnection.php(577): CodeIgniter\Database\BaseConnection->initialize()
#1 C:\xampp\htdocs\projeto-modulo-2\system\Database\BaseBuilder.php(1455): CodeIgniter\Database\BaseConnection->query('SELECT *\nFROM `...', Array, false)
#2 C:\xampp\htdocs\projeto-modulo-2\system\Model.php(183): CodeIgniter\Database\BaseBuilder->get()
#3 C:\xampp\htdocs\projeto-modulo-2\system\BaseModel.php(584): CodeIgniter\Model->doFindAll(0, 0)
#4 C:\xampp\htdocs\projeto-modulo-2\app\Controllers\Alunos.php(20): CodeIgniter\BaseModel->findAll()
#5 C:\xampp\htdocs\projeto-modulo-2\system\CodeIgniter.php(825): App\Controllers\Alunos->index()
#6 C:\xampp\htdocs\projeto-modulo-2\system\CodeIgniter.php(412): CodeIgniter\CodeIgniter->runController(Object(App\Controllers\Alunos))
#7 C:\xampp\htdocs\projeto-modulo-2\system\CodeIgniter.php(320): CodeIgniter\CodeIgniter->handleRequest(NULL, Object(Config\Cache), false)
#8 C:\xampp\htdocs\projeto-modulo-2\public\index.php(37): CodeIgniter\CodeIgniter->run()
#9 C:\xampp\htdocs\projeto-modulo-2\system\Commands\Server\rewrite.php(43): require_once('C:\\xampp\\htdocs...')
#10 {main}
ERROR - 2022-01-27 17:09:49 --> Error connecting to the database: php_network_getaddresses: getaddrinfo failed: Este host não é conhecido. 
CRITICAL - 2022-01-27 17:09:49 --> Unable to connect to the database.
Main connection [MySQLi]: php_network_getaddresses: getaddrinfo failed: Este host não é conhecido. 
#0 C:\xampp\htdocs\projeto-modulo-2\system\Database\BaseConnection.php(577): CodeIgniter\Database\BaseConnection->initialize()
#1 C:\xampp\htdocs\projeto-modulo-2\system\Database\BaseBuilder.php(1455): CodeIgniter\Database\BaseConnection->query('SELECT *\nFROM `...', Array, false)
#2 C:\xampp\htdocs\projeto-modulo-2\system\Model.php(183): CodeIgniter\Database\BaseBuilder->get()
#3 C:\xampp\htdocs\projeto-modulo-2\system\BaseModel.php(584): CodeIgniter\Model->doFindAll(0, 0)
#4 C:\xampp\htdocs\projeto-modulo-2\app\Controllers\Alunos.php(20): CodeIgniter\BaseModel->findAll()
#5 C:\xampp\htdocs\projeto-modulo-2\system\CodeIgniter.php(825): App\Controllers\Alunos->index()
#6 C:\xampp\htdocs\projeto-modulo-2\system\CodeIgniter.php(412): CodeIgniter\CodeIgniter->runController(Object(App\Controllers\Alunos))
#7 C:\xampp\htdocs\projeto-modulo-2\system\CodeIgniter.php(320): CodeIgniter\CodeIgniter->handleRequest(NULL, Object(Config\Cache), false)
#8 C:\xampp\htdocs\projeto-modulo-2\public\index.php(37): CodeIgniter\CodeIgniter->run()
#9 C:\xampp\htdocs\projeto-modulo-2\system\Commands\Server\rewrite.php(43): require_once('C:\\xampp\\htdocs...')
#10 {main}
CRITICAL - 2022-01-27 17:10:01 --> Trying to access array offset on value of type null
#0 C:\xampp\htdocs\projeto-modulo-2\app\Views\alunos\editar.php(38): CodeIgniter\Debug\Exceptions->errorHandler(2, 'Trying to acces...', 'C:\\xampp\\htdocs...', 38)
#1 C:\xampp\htdocs\projeto-modulo-2\system\View\View.php(210): include('C:\\xampp\\htdocs...')
#2 C:\xampp\htdocs\projeto-modulo-2\system\View\View.php(213): CodeIgniter\View\View->CodeIgniter\View\{closure}()
#3 C:\xampp\htdocs\projeto-modulo-2\system\Common.php(1089): CodeIgniter\View\View->render('alunos/editar', Array, true)
#4 C:\xampp\htdocs\projeto-modulo-2\app\Controllers\Alunos.php(45): view('alunos/editar', Array)
#5 C:\xampp\htdocs\projeto-modulo-2\system\CodeIgniter.php(825): App\Controllers\Alunos->editar('sweetalert2.min...')
#6 C:\xampp\htdocs\projeto-modulo-2\system\CodeIgniter.php(412): CodeIgniter\CodeIgniter->runController(Object(App\Controllers\Alunos))
#7 C:\xampp\htdocs\projeto-modulo-2\system\CodeIgniter.php(320): CodeIgniter\CodeIgniter->handleRequest(NULL, Object(Config\Cache), false)
#8 C:\xampp\htdocs\projeto-modulo-2\public\index.php(37): CodeIgniter\CodeIgniter->run()
#9 C:\xampp\htdocs\projeto-modulo-2\system\Commands\Server\rewrite.php(43): require_once('C:\\xampp\\htdocs...')
#10 {main}
CRITICAL - 2022-01-27 17:10:04 --> Trying to access array offset on value of type null
#0 C:\xampp\htdocs\projeto-modulo-2\app\Views\alunos\visualizar.php(51): CodeIgniter\Debug\Exceptions->errorHandler(2, 'Trying to acces...', 'C:\\xampp\\htdocs...', 51)
#1 C:\xampp\htdocs\projeto-modulo-2\system\View\View.php(210): include('C:\\xampp\\htdocs...')
#2 C:\xampp\htdocs\projeto-modulo-2\system\View\View.php(213): CodeIgniter\View\View->CodeIgniter\View\{closure}()
#3 C:\xampp\htdocs\projeto-modulo-2\system\Common.php(1089): CodeIgniter\View\View->render('alunos/visualiz...', Array, true)
#4 C:\xampp\htdocs\projeto-modulo-2\app\Controllers\Alunos.php(125): view('alunos/visualiz...', Array)
#5 C:\xampp\htdocs\projeto-modulo-2\system\CodeIgniter.php(825): App\Controllers\Alunos->ver('sweetalert2.min...')
#6 C:\xampp\htdocs\projeto-modulo-2\system\CodeIgniter.php(412): CodeIgniter\CodeIgniter->runController(Object(App\Controllers\Alunos))
#7 C:\xampp\htdocs\projeto-modulo-2\system\CodeIgniter.php(320): CodeIgniter\CodeIgniter->handleRequest(NULL, Object(Config\Cache), false)
#8 C:\xampp\htdocs\projeto-modulo-2\public\index.php(37): CodeIgniter\CodeIgniter->run()
#9 C:\xampp\htdocs\projeto-modulo-2\system\Commands\Server\rewrite.php(43): require_once('C:\\xampp\\htdocs...')
#10 {main}
CRITICAL - 2022-01-27 19:46:45 --> Trying to access array offset on value of type null
#0 C:\xampp\htdocs\projeto-Delta\app\Views\alunos\editar.php(38): CodeIgniter\Debug\Exceptions->errorHandler(2, 'Trying to acces...', 'C:\\xampp\\htdocs...', 38)
#1 C:\xampp\htdocs\projeto-Delta\system\View\View.php(210): include('C:\\xampp\\htdocs...')
#2 C:\xampp\htdocs\projeto-Delta\system\View\View.php(213): CodeIgniter\View\View->CodeIgniter\View\{closure}()
#3 C:\xampp\htdocs\projeto-Delta\system\Common.php(1089): CodeIgniter\View\View->render('alunos/editar', Array, true)
#4 C:\xampp\htdocs\projeto-Delta\app\Controllers\Alunos.php(45): view('alunos/editar', Array)
#5 C:\xampp\htdocs\projeto-Delta\system\CodeIgniter.php(825): App\Controllers\Alunos->editar('sweetalert2.min...')
#6 C:\xampp\htdocs\projeto-Delta\system\CodeIgniter.php(412): CodeIgniter\CodeIgniter->runController(Object(App\Controllers\Alunos))
#7 C:\xampp\htdocs\projeto-Delta\system\CodeIgniter.php(320): CodeIgniter\CodeIgniter->handleRequest(NULL, Object(Config\Cache), false)
#8 C:\xampp\htdocs\projeto-Delta\public\index.php(37): CodeIgniter\CodeIgniter->run()
#9 C:\xampp\htdocs\projeto-Delta\system\Commands\Server\rewrite.php(43): require_once('C:\\xampp\\htdocs...')
#10 {main}
CRITICAL - 2022-01-27 19:46:51 --> Trying to access array offset on value of type null
#0 C:\xampp\htdocs\projeto-Delta\app\Views\alunos\visualizar.php(51): CodeIgniter\Debug\Exceptions->errorHandler(2, 'Trying to acces...', 'C:\\xampp\\htdocs...', 51)
#1 C:\xampp\htdocs\projeto-Delta\system\View\View.php(210): include('C:\\xampp\\htdocs...')
#2 C:\xampp\htdocs\projeto-Delta\system\View\View.php(213): CodeIgniter\View\View->CodeIgniter\View\{closure}()
#3 C:\xampp\htdocs\projeto-Delta\system\Common.php(1089): CodeIgniter\View\View->render('alunos/visualiz...', Array, true)
#4 C:\xampp\htdocs\projeto-Delta\app\Controllers\Alunos.php(125): view('alunos/visualiz...', Array)
#5 C:\xampp\htdocs\projeto-Delta\system\CodeIgniter.php(825): App\Controllers\Alunos->ver('sweetalert2.min...')
#6 C:\xampp\htdocs\projeto-Delta\system\CodeIgniter.php(412): CodeIgniter\CodeIgniter->runController(Object(App\Controllers\Alunos))
#7 C:\xampp\htdocs\projeto-Delta\system\CodeIgniter.php(320): CodeIgniter\CodeIgniter->handleRequest(NULL, Object(Config\Cache), false)
#8 C:\xampp\htdocs\projeto-Delta\public\index.php(37): CodeIgniter\CodeIgniter->run()
#9 C:\xampp\htdocs\projeto-Delta\system\Commands\Server\rewrite.php(43): require_once('C:\\xampp\\htdocs...')
#10 {main}
CRITICAL - 2022-01-27 19:46:55 --> Trying to access array offset on value of type null
#0 C:\xampp\htdocs\projeto-Delta\app\Views\alunos\editar.php(38): CodeIgniter\Debug\Exceptions->errorHandler(2, 'Trying to acces...', 'C:\\xampp\\htdocs...', 38)
#1 C:\xampp\htdocs\projeto-Delta\system\View\View.php(210): include('C:\\xampp\\htdocs...')
#2 C:\xampp\htdocs\projeto-Delta\system\View\View.php(213): CodeIgniter\View\View->CodeIgniter\View\{closure}()
#3 C:\xampp\htdocs\projeto-Delta\system\Common.php(1089): CodeIgniter\View\View->render('alunos/editar', Array, true)
#4 C:\xampp\htdocs\projeto-Delta\app\Controllers\Alunos.php(45): view('alunos/editar', Array)
#5 C:\xampp\htdocs\projeto-Delta\system\CodeIgniter.php(825): App\Controllers\Alunos->editar('sweetalert2.min...')
#6 C:\xampp\htdocs\projeto-Delta\system\CodeIgniter.php(412): CodeIgniter\CodeIgniter->runController(Object(App\Controllers\Alunos))
#7 C:\xampp\htdocs\projeto-Delta\system\CodeIgniter.php(320): CodeIgniter\CodeIgniter->handleRequest(NULL, Object(Config\Cache), false)
#8 C:\xampp\htdocs\projeto-Delta\public\index.php(37): CodeIgniter\CodeIgniter->run()
#9 C:\xampp\htdocs\projeto-Delta\system\Commands\Server\rewrite.php(43): require_once('C:\\xampp\\htdocs...')
#10 {main}
CRITICAL - 2022-01-27 19:47:04 --> Trying to access array offset on value of type null
#0 C:\xampp\htdocs\projeto-Delta\app\Views\alunos\visualizar.php(51): CodeIgniter\Debug\Exceptions->errorHandler(2, 'Trying to acces...', 'C:\\xampp\\htdocs...', 51)
#1 C:\xampp\htdocs\projeto-Delta\system\View\View.php(210): include('C:\\xampp\\htdocs...')
#2 C:\xampp\htdocs\projeto-Delta\system\View\View.php(213): CodeIgniter\View\View->CodeIgniter\View\{closure}()
#3 C:\xampp\htdocs\projeto-Delta\system\Common.php(1089): CodeIgniter\View\View->render('alunos/visualiz...', Array, true)
#4 C:\xampp\htdocs\projeto-Delta\app\Controllers\Alunos.php(125): view('alunos/visualiz...', Array)
#5 C:\xampp\htdocs\projeto-Delta\system\CodeIgniter.php(825): App\Controllers\Alunos->ver('sweetalert2.min...')
#6 C:\xampp\htdocs\projeto-Delta\system\CodeIgniter.php(412): CodeIgniter\CodeIgniter->runController(Object(App\Controllers\Alunos))
#7 C:\xampp\htdocs\projeto-Delta\system\CodeIgniter.php(320): CodeIgniter\CodeIgniter->handleRequest(NULL, Object(Config\Cache), false)
#8 C:\xampp\htdocs\projeto-Delta\public\index.php(37): CodeIgniter\CodeIgniter->run()
#9 C:\xampp\htdocs\projeto-Delta\system\Commands\Server\rewrite.php(43): require_once('C:\\xampp\\htdocs...')
#10 {main}
CRITICAL - 2022-01-27 19:47:14 --> Trying to access array offset on value of type null
#0 C:\xampp\htdocs\projeto-Delta\app\Views\alunos\visualizar.php(51): CodeIgniter\Debug\Exceptions->errorHandler(2, 'Trying to acces...', 'C:\\xampp\\htdocs...', 51)
#1 C:\xampp\htdocs\projeto-Delta\system\View\View.php(210): include('C:\\xampp\\htdocs...')
#2 C:\xampp\htdocs\projeto-Delta\system\View\View.php(213): CodeIgniter\View\View->CodeIgniter\View\{closure}()
#3 C:\xampp\htdocs\projeto-Delta\system\Common.php(1089): CodeIgniter\View\View->render('alunos/visualiz...', Array, true)
#4 C:\xampp\htdocs\projeto-Delta\app\Controllers\Alunos.php(125): view('alunos/visualiz...', Array)
#5 C:\xampp\htdocs\projeto-Delta\system\CodeIgniter.php(825): App\Controllers\Alunos->ver('sweetalert2.min...')
#6 C:\xampp\htdocs\projeto-Delta\system\CodeIgniter.php(412): CodeIgniter\CodeIgniter->runController(Object(App\Controllers\Alunos))
#7 C:\xampp\htdocs\projeto-Delta\system\CodeIgniter.php(320): CodeIgniter\CodeIgniter->handleRequest(NULL, Object(Config\Cache), false)
#8 C:\xampp\htdocs\projeto-Delta\public\index.php(37): CodeIgniter\CodeIgniter->run()
#9 C:\xampp\htdocs\projeto-Delta\system\Commands\Server\rewrite.php(43): require_once('C:\\xampp\\htdocs...')
#10 {main}
CRITICAL - 2022-01-27 19:47:16 --> Trying to access array offset on value of type null
#0 C:\xampp\htdocs\projeto-Delta\app\Views\alunos\editar.php(38): CodeIgniter\Debug\Exceptions->errorHandler(2, 'Trying to acces...', 'C:\\xampp\\htdocs...', 38)
#1 C:\xampp\htdocs\projeto-Delta\system\View\View.php(210): include('C:\\xampp\\htdocs...')
#2 C:\xampp\htdocs\projeto-Delta\system\View\View.php(213): CodeIgniter\View\View->CodeIgniter\View\{closure}()
#3 C:\xampp\htdocs\projeto-Delta\system\Common.php(1089): CodeIgniter\View\View->render('alunos/editar', Array, true)
#4 C:\xampp\htdocs\projeto-Delta\app\Controllers\Alunos.php(45): view('alunos/editar', Array)
#5 C:\xampp\htdocs\projeto-Delta\system\CodeIgniter.php(825): App\Controllers\Alunos->editar('sweetalert2.min...')
#6 C:\xampp\htdocs\projeto-Delta\system\CodeIgniter.php(412): CodeIgniter\CodeIgniter->runController(Object(App\Controllers\Alunos))
#7 C:\xampp\htdocs\projeto-Delta\system\CodeIgniter.php(320): CodeIgniter\CodeIgniter->handleRequest(NULL, Object(Config\Cache), false)
#8 C:\xampp\htdocs\projeto-Delta\public\index.php(37): CodeIgniter\CodeIgniter->run()
#9 C:\xampp\htdocs\projeto-Delta\system\Commands\Server\rewrite.php(43): require_once('C:\\xampp\\htdocs...')
#10 {main}
